
*** Running vivado
    with args -log mb_intro_top.vdi -applog -m64 -product Vivado -messageDb vivado.pb -mode batch -source mb_intro_top.tcl -notrace



****** Vivado v2022.2 (64-bit)
  **** SW Build 3671981 on Fri Oct 14 05:00:03 MDT 2022
  **** IP Build 3669848 on Fri Oct 14 08:30:02 MDT 2022
    ** Copyright 1986-2022 Xilinx, Inc. All Rights Reserved.

source mb_intro_top.tcl -notrace
create_project: Time (s): cpu = 00:00:02 ; elapsed = 00:00:07 . Memory (MB): peak = 381.656 ; gain = 56.508
INFO: [IP_Flow 19-234] Refreshing IP repositories
INFO: [IP_Flow 19-1704] No user IP repositories specified
INFO: [IP_Flow 19-2313] Loaded Vivado IP repository 'C:/Xilinx/Vivado/2022.2/data/ip'.
Command: link_design -top mb_intro_top -part xc7s50csga324-1
Design is defaulting to srcset: sources_1
Design is defaulting to constrset: constrs_1
INFO: [Device 21-403] Loading part xc7s50csga324-1
INFO: [Project 1-454] Reading design checkpoint 'c:/Users/Orion/Documents/ece385-master/lab6/lab6.gen/sources_1/bd/mb_block/ip/mb_block_axi_gpio_0_0/mb_block_axi_gpio_0_0.dcp' for cell 'mb_block_i/axi_gpio_0'
INFO: [Project 1-454] Reading design checkpoint 'c:/Users/Orion/Documents/ece385-master/lab6/lab6.gen/sources_1/bd/mb_block/ip/mb_block_axi_gpio_1_0/mb_block_axi_gpio_1_0.dcp' for cell 'mb_block_i/axi_gpio_1'
INFO: [Project 1-454] Reading design checkpoint 'c:/Users/Orion/Documents/ece385-master/lab6/lab6.gen/sources_1/bd/mb_block/ip/mb_block_axi_gpio_2_0/mb_block_axi_gpio_2_0.dcp' for cell 'mb_block_i/axi_gpio_2'
INFO: [Project 1-454] Reading design checkpoint 'c:/Users/Orion/Documents/ece385-master/lab6/lab6.gen/sources_1/bd/mb_block/ip/mb_block_axi_gpio_3_0/mb_block_axi_gpio_3_0.dcp' for cell 'mb_block_i/axi_gpio_3'
INFO: [Project 1-454] Reading design checkpoint 'c:/Users/Orion/Documents/ece385-master/lab6/lab6.gen/sources_1/bd/mb_block/ip/mb_block_axi_uartlite_0_0/mb_block_axi_uartlite_0_0.dcp' for cell 'mb_block_i/axi_uartlite_0'
INFO: [Project 1-454] Reading design checkpoint 'c:/Users/Orion/Documents/ece385-master/lab6/lab6.gen/sources_1/bd/mb_block/ip/mb_block_clk_wiz_1_0/mb_block_clk_wiz_1_0.dcp' for cell 'mb_block_i/clk_wiz_1'
INFO: [Project 1-454] Reading design checkpoint 'c:/Users/Orion/Documents/ece385-master/lab6/lab6.gen/sources_1/bd/mb_block/ip/mb_block_mdm_1_0/mb_block_mdm_1_0.dcp' for cell 'mb_block_i/mdm_1'
INFO: [Project 1-454] Reading design checkpoint 'c:/Users/Orion/Documents/ece385-master/lab6/lab6.gen/sources_1/bd/mb_block/ip/mb_block_microblaze_0_0/mb_block_microblaze_0_0.dcp' for cell 'mb_block_i/microblaze_0'
INFO: [Project 1-454] Reading design checkpoint 'c:/Users/Orion/Documents/ece385-master/lab6/lab6.gen/sources_1/bd/mb_block/ip/mb_block_microblaze_0_axi_intc_0/mb_block_microblaze_0_axi_intc_0.dcp' for cell 'mb_block_i/microblaze_0_axi_intc'
INFO: [Project 1-454] Reading design checkpoint 'c:/Users/Orion/Documents/ece385-master/lab6/lab6.gen/sources_1/bd/mb_block/ip/mb_block_rst_clk_wiz_1_100M_0/mb_block_rst_clk_wiz_1_100M_0.dcp' for cell 'mb_block_i/rst_clk_wiz_1_100M'
INFO: [Project 1-454] Reading design checkpoint 'c:/Users/Orion/Documents/ece385-master/lab6/lab6.gen/sources_1/bd/mb_block/ip/mb_block_xbar_0/mb_block_xbar_0.dcp' for cell 'mb_block_i/microblaze_0_axi_periph/xbar'
INFO: [Project 1-454] Reading design checkpoint 'c:/Users/Orion/Documents/ece385-master/lab6/lab6.gen/sources_1/bd/mb_block/ip/mb_block_dlmb_bram_if_cntlr_0/mb_block_dlmb_bram_if_cntlr_0.dcp' for cell 'mb_block_i/microblaze_0_local_memory/dlmb_bram_if_cntlr'
INFO: [Project 1-454] Reading design checkpoint 'c:/Users/Orion/Documents/ece385-master/lab6/lab6.gen/sources_1/bd/mb_block/ip/mb_block_dlmb_v10_0/mb_block_dlmb_v10_0.dcp' for cell 'mb_block_i/microblaze_0_local_memory/dlmb_v10'
INFO: [Project 1-454] Reading design checkpoint 'c:/Users/Orion/Documents/ece385-master/lab6/lab6.gen/sources_1/bd/mb_block/ip/mb_block_ilmb_bram_if_cntlr_0/mb_block_ilmb_bram_if_cntlr_0.dcp' for cell 'mb_block_i/microblaze_0_local_memory/ilmb_bram_if_cntlr'
INFO: [Project 1-454] Reading design checkpoint 'c:/Users/Orion/Documents/ece385-master/lab6/lab6.gen/sources_1/bd/mb_block/ip/mb_block_ilmb_v10_0/mb_block_ilmb_v10_0.dcp' for cell 'mb_block_i/microblaze_0_local_memory/ilmb_v10'
INFO: [Project 1-454] Reading design checkpoint 'c:/Users/Orion/Documents/ece385-master/lab6/lab6.gen/sources_1/bd/mb_block/ip/mb_block_lmb_bram_0/mb_block_lmb_bram_0.dcp' for cell 'mb_block_i/microblaze_0_local_memory/lmb_bram'
Netlist sorting complete. Time (s): cpu = 00:00:00 ; elapsed = 00:00:00.407 . Memory (MB): peak = 885.160 ; gain = 0.000
INFO: [Netlist 29-17] Analyzing 401 Unisim elements for replacement
INFO: [Netlist 29-28] Unisim Transformation completed in 0 CPU seconds
INFO: [Project 1-479] Netlist was created with Vivado 2022.2
INFO: [Project 1-570] Preparing netlist for logic optimization
WARNING: [Opt 31-35] Removing redundant IBUF, mb_block_i/clk_wiz_1/inst/clkin1_ibufg, from the path connected to top-level port: clk 
Resolution: The tool has removed redundant IBUF. To resolve this warning, check for redundant IBUF in the input design.
WARNING: [Constraints 18-550] Could not create 'IBUF_LOW_PWR' constraint because net 'mb_block_i/clk_wiz_1/clk_in1' is not directly connected to top level port. Synthesis is ignored for IBUF_LOW_PWR but preserved for implementation.
Parsing XDC File [c:/Users/Orion/Documents/ece385-master/lab6/lab6.gen/sources_1/bd/mb_block/ip/mb_block_microblaze_0_0/mb_block_microblaze_0_0.xdc] for cell 'mb_block_i/microblaze_0/U0'
Finished Parsing XDC File [c:/Users/Orion/Documents/ece385-master/lab6/lab6.gen/sources_1/bd/mb_block/ip/mb_block_microblaze_0_0/mb_block_microblaze_0_0.xdc] for cell 'mb_block_i/microblaze_0/U0'
Parsing XDC File [c:/Users/Orion/Documents/ece385-master/lab6/lab6.gen/sources_1/bd/mb_block/ip/mb_block_microblaze_0_axi_intc_0/mb_block_microblaze_0_axi_intc_0.xdc] for cell 'mb_block_i/microblaze_0_axi_intc/U0'
Finished Parsing XDC File [c:/Users/Orion/Documents/ece385-master/lab6/lab6.gen/sources_1/bd/mb_block/ip/mb_block_microblaze_0_axi_intc_0/mb_block_microblaze_0_axi_intc_0.xdc] for cell 'mb_block_i/microblaze_0_axi_intc/U0'
Parsing XDC File [c:/Users/Orion/Documents/ece385-master/lab6/lab6.gen/sources_1/bd/mb_block/ip/mb_block_clk_wiz_1_0/mb_block_clk_wiz_1_0_board.xdc] for cell 'mb_block_i/clk_wiz_1/inst'
Finished Parsing XDC File [c:/Users/Orion/Documents/ece385-master/lab6/lab6.gen/sources_1/bd/mb_block/ip/mb_block_clk_wiz_1_0/mb_block_clk_wiz_1_0_board.xdc] for cell 'mb_block_i/clk_wiz_1/inst'
Parsing XDC File [c:/Users/Orion/Documents/ece385-master/lab6/lab6.gen/sources_1/bd/mb_block/ip/mb_block_clk_wiz_1_0/mb_block_clk_wiz_1_0.xdc] for cell 'mb_block_i/clk_wiz_1/inst'
INFO: [Timing 38-35] Done setting XDC timing constraints. [c:/Users/Orion/Documents/ece385-master/lab6/lab6.gen/sources_1/bd/mb_block/ip/mb_block_clk_wiz_1_0/mb_block_clk_wiz_1_0.xdc:57]
INFO: [Timing 38-2] Deriving generated clocks [c:/Users/Orion/Documents/ece385-master/lab6/lab6.gen/sources_1/bd/mb_block/ip/mb_block_clk_wiz_1_0/mb_block_clk_wiz_1_0.xdc:57]
get_clocks: Time (s): cpu = 00:00:03 ; elapsed = 00:00:12 . Memory (MB): peak = 1444.500 ; gain = 425.484
Finished Parsing XDC File [c:/Users/Orion/Documents/ece385-master/lab6/lab6.gen/sources_1/bd/mb_block/ip/mb_block_clk_wiz_1_0/mb_block_clk_wiz_1_0.xdc] for cell 'mb_block_i/clk_wiz_1/inst'
Parsing XDC File [c:/Users/Orion/Documents/ece385-master/lab6/lab6.gen/sources_1/bd/mb_block/ip/mb_block_rst_clk_wiz_1_100M_0/mb_block_rst_clk_wiz_1_100M_0_board.xdc] for cell 'mb_block_i/rst_clk_wiz_1_100M/U0'
Finished Parsing XDC File [c:/Users/Orion/Documents/ece385-master/lab6/lab6.gen/sources_1/bd/mb_block/ip/mb_block_rst_clk_wiz_1_100M_0/mb_block_rst_clk_wiz_1_100M_0_board.xdc] for cell 'mb_block_i/rst_clk_wiz_1_100M/U0'
Parsing XDC File [c:/Users/Orion/Documents/ece385-master/lab6/lab6.gen/sources_1/bd/mb_block/ip/mb_block_rst_clk_wiz_1_100M_0/mb_block_rst_clk_wiz_1_100M_0.xdc] for cell 'mb_block_i/rst_clk_wiz_1_100M/U0'
Finished Parsing XDC File [c:/Users/Orion/Documents/ece385-master/lab6/lab6.gen/sources_1/bd/mb_block/ip/mb_block_rst_clk_wiz_1_100M_0/mb_block_rst_clk_wiz_1_100M_0.xdc] for cell 'mb_block_i/rst_clk_wiz_1_100M/U0'
Parsing XDC File [c:/Users/Orion/Documents/ece385-master/lab6/lab6.gen/sources_1/bd/mb_block/ip/mb_block_axi_gpio_0_0/mb_block_axi_gpio_0_0_board.xdc] for cell 'mb_block_i/axi_gpio_0/U0'
Finished Parsing XDC File [c:/Users/Orion/Documents/ece385-master/lab6/lab6.gen/sources_1/bd/mb_block/ip/mb_block_axi_gpio_0_0/mb_block_axi_gpio_0_0_board.xdc] for cell 'mb_block_i/axi_gpio_0/U0'
Parsing XDC File [c:/Users/Orion/Documents/ece385-master/lab6/lab6.gen/sources_1/bd/mb_block/ip/mb_block_axi_gpio_0_0/mb_block_axi_gpio_0_0.xdc] for cell 'mb_block_i/axi_gpio_0/U0'
Finished Parsing XDC File [c:/Users/Orion/Documents/ece385-master/lab6/lab6.gen/sources_1/bd/mb_block/ip/mb_block_axi_gpio_0_0/mb_block_axi_gpio_0_0.xdc] for cell 'mb_block_i/axi_gpio_0/U0'
Parsing XDC File [c:/Users/Orion/Documents/ece385-master/lab6/lab6.gen/sources_1/bd/mb_block/ip/mb_block_axi_uartlite_0_0/mb_block_axi_uartlite_0_0_board.xdc] for cell 'mb_block_i/axi_uartlite_0/U0'
Finished Parsing XDC File [c:/Users/Orion/Documents/ece385-master/lab6/lab6.gen/sources_1/bd/mb_block/ip/mb_block_axi_uartlite_0_0/mb_block_axi_uartlite_0_0_board.xdc] for cell 'mb_block_i/axi_uartlite_0/U0'
Parsing XDC File [c:/Users/Orion/Documents/ece385-master/lab6/lab6.gen/sources_1/bd/mb_block/ip/mb_block_axi_uartlite_0_0/mb_block_axi_uartlite_0_0.xdc] for cell 'mb_block_i/axi_uartlite_0/U0'
Finished Parsing XDC File [c:/Users/Orion/Documents/ece385-master/lab6/lab6.gen/sources_1/bd/mb_block/ip/mb_block_axi_uartlite_0_0/mb_block_axi_uartlite_0_0.xdc] for cell 'mb_block_i/axi_uartlite_0/U0'
Parsing XDC File [c:/Users/Orion/Documents/ece385-master/lab6/lab6.gen/sources_1/bd/mb_block/ip/mb_block_axi_gpio_1_0/mb_block_axi_gpio_1_0_board.xdc] for cell 'mb_block_i/axi_gpio_1/U0'
Finished Parsing XDC File [c:/Users/Orion/Documents/ece385-master/lab6/lab6.gen/sources_1/bd/mb_block/ip/mb_block_axi_gpio_1_0/mb_block_axi_gpio_1_0_board.xdc] for cell 'mb_block_i/axi_gpio_1/U0'
Parsing XDC File [c:/Users/Orion/Documents/ece385-master/lab6/lab6.gen/sources_1/bd/mb_block/ip/mb_block_axi_gpio_1_0/mb_block_axi_gpio_1_0.xdc] for cell 'mb_block_i/axi_gpio_1/U0'
Finished Parsing XDC File [c:/Users/Orion/Documents/ece385-master/lab6/lab6.gen/sources_1/bd/mb_block/ip/mb_block_axi_gpio_1_0/mb_block_axi_gpio_1_0.xdc] for cell 'mb_block_i/axi_gpio_1/U0'
Parsing XDC File [c:/Users/Orion/Documents/ece385-master/lab6/lab6.gen/sources_1/bd/mb_block/ip/mb_block_axi_gpio_2_0/mb_block_axi_gpio_2_0_board.xdc] for cell 'mb_block_i/axi_gpio_2/U0'
Finished Parsing XDC File [c:/Users/Orion/Documents/ece385-master/lab6/lab6.gen/sources_1/bd/mb_block/ip/mb_block_axi_gpio_2_0/mb_block_axi_gpio_2_0_board.xdc] for cell 'mb_block_i/axi_gpio_2/U0'
Parsing XDC File [c:/Users/Orion/Documents/ece385-master/lab6/lab6.gen/sources_1/bd/mb_block/ip/mb_block_axi_gpio_2_0/mb_block_axi_gpio_2_0.xdc] for cell 'mb_block_i/axi_gpio_2/U0'
Finished Parsing XDC File [c:/Users/Orion/Documents/ece385-master/lab6/lab6.gen/sources_1/bd/mb_block/ip/mb_block_axi_gpio_2_0/mb_block_axi_gpio_2_0.xdc] for cell 'mb_block_i/axi_gpio_2/U0'
Parsing XDC File [c:/Users/Orion/Documents/ece385-master/lab6/lab6.gen/sources_1/bd/mb_block/ip/mb_block_axi_gpio_3_0/mb_block_axi_gpio_3_0_board.xdc] for cell 'mb_block_i/axi_gpio_3/U0'
Finished Parsing XDC File [c:/Users/Orion/Documents/ece385-master/lab6/lab6.gen/sources_1/bd/mb_block/ip/mb_block_axi_gpio_3_0/mb_block_axi_gpio_3_0_board.xdc] for cell 'mb_block_i/axi_gpio_3/U0'
Parsing XDC File [c:/Users/Orion/Documents/ece385-master/lab6/lab6.gen/sources_1/bd/mb_block/ip/mb_block_axi_gpio_3_0/mb_block_axi_gpio_3_0.xdc] for cell 'mb_block_i/axi_gpio_3/U0'
Finished Parsing XDC File [c:/Users/Orion/Documents/ece385-master/lab6/lab6.gen/sources_1/bd/mb_block/ip/mb_block_axi_gpio_3_0/mb_block_axi_gpio_3_0.xdc] for cell 'mb_block_i/axi_gpio_3/U0'
Parsing XDC File [C:/Users/Orion/Documents/ece385-master/lab6/lab6_1_provided/pin_assignment/mb_intro_top.xdc]
WARNING: [Vivado 12-584] No ports matched 'rgb0[0]'. [C:/Users/Orion/Documents/ece385-master/lab6/lab6_1_provided/pin_assignment/mb_intro_top.xdc:53]
CRITICAL WARNING: [Common 17-55] 'set_property' expects at least one object. [C:/Users/Orion/Documents/ece385-master/lab6/lab6_1_provided/pin_assignment/mb_intro_top.xdc:53]
Resolution: If [get_<value>] was used to populate the object, check to make sure this command returns at least one valid object.
WARNING: [Vivado 12-584] No ports matched 'rgb0[1]'. [C:/Users/Orion/Documents/ece385-master/lab6/lab6_1_provided/pin_assignment/mb_intro_top.xdc:54]
CRITICAL WARNING: [Common 17-55] 'set_property' expects at least one object. [C:/Users/Orion/Documents/ece385-master/lab6/lab6_1_provided/pin_assignment/mb_intro_top.xdc:54]
Resolution: If [get_<value>] was used to populate the object, check to make sure this command returns at least one valid object.
WARNING: [Vivado 12-584] No ports matched 'rgb0[2]'. [C:/Users/Orion/Documents/ece385-master/lab6/lab6_1_provided/pin_assignment/mb_intro_top.xdc:55]
CRITICAL WARNING: [Common 17-55] 'set_property' expects at least one object. [C:/Users/Orion/Documents/ece385-master/lab6/lab6_1_provided/pin_assignment/mb_intro_top.xdc:55]
Resolution: If [get_<value>] was used to populate the object, check to make sure this command returns at least one valid object.
WARNING: [Vivado 12-584] No ports matched 'rgb1[0]'. [C:/Users/Orion/Documents/ece385-master/lab6/lab6_1_provided/pin_assignment/mb_intro_top.xdc:56]
CRITICAL WARNING: [Common 17-55] 'set_property' expects at least one object. [C:/Users/Orion/Documents/ece385-master/lab6/lab6_1_provided/pin_assignment/mb_intro_top.xdc:56]
Resolution: If [get_<value>] was used to populate the object, check to make sure this command returns at least one valid object.
WARNING: [Vivado 12-584] No ports matched 'rgb1[1]'. [C:/Users/Orion/Documents/ece385-master/lab6/lab6_1_provided/pin_assignment/mb_intro_top.xdc:57]
CRITICAL WARNING: [Common 17-55] 'set_property' expects at least one object. [C:/Users/Orion/Documents/ece385-master/lab6/lab6_1_provided/pin_assignment/mb_intro_top.xdc:57]
Resolution: If [get_<value>] was used to populate the object, check to make sure this command returns at least one valid object.
WARNING: [Vivado 12-584] No ports matched 'rgb1[2]'. [C:/Users/Orion/Documents/ece385-master/lab6/lab6_1_provided/pin_assignment/mb_intro_top.xdc:58]
CRITICAL WARNING: [Common 17-55] 'set_property' expects at least one object. [C:/Users/Orion/Documents/ece385-master/lab6/lab6_1_provided/pin_assignment/mb_intro_top.xdc:58]
Resolution: If [get_<value>] was used to populate the object, check to make sure this command returns at least one valid object.
WARNING: [Vivado 12-584] No ports matched 'hdmi_clk_n'. [C:/Users/Orion/Documents/ece385-master/lab6/lab6_1_provided/pin_assignment/mb_intro_top.xdc:93]
CRITICAL WARNING: [Common 17-55] 'set_property' expects at least one object. [C:/Users/Orion/Documents/ece385-master/lab6/lab6_1_provided/pin_assignment/mb_intro_top.xdc:93]
Resolution: If [get_<value>] was used to populate the object, check to make sure this command returns at least one valid object.
WARNING: [Vivado 12-584] No ports matched 'hdmi_clk_p'. [C:/Users/Orion/Documents/ece385-master/lab6/lab6_1_provided/pin_assignment/mb_intro_top.xdc:94]
CRITICAL WARNING: [Common 17-55] 'set_property' expects at least one object. [C:/Users/Orion/Documents/ece385-master/lab6/lab6_1_provided/pin_assignment/mb_intro_top.xdc:94]
Resolution: If [get_<value>] was used to populate the object, check to make sure this command returns at least one valid object.
WARNING: [Vivado 12-584] No ports matched 'hdmi_tx_n[0]'. [C:/Users/Orion/Documents/ece385-master/lab6/lab6_1_provided/pin_assignment/mb_intro_top.xdc:96]
CRITICAL WARNING: [Common 17-55] 'set_property' expects at least one object. [C:/Users/Orion/Documents/ece385-master/lab6/lab6_1_provided/pin_assignment/mb_intro_top.xdc:96]
Resolution: If [get_<value>] was used to populate the object, check to make sure this command returns at least one valid object.
WARNING: [Vivado 12-584] No ports matched 'hdmi_tx_n[1]'. [C:/Users/Orion/Documents/ece385-master/lab6/lab6_1_provided/pin_assignment/mb_intro_top.xdc:97]
CRITICAL WARNING: [Common 17-55] 'set_property' expects at least one object. [C:/Users/Orion/Documents/ece385-master/lab6/lab6_1_provided/pin_assignment/mb_intro_top.xdc:97]
Resolution: If [get_<value>] was used to populate the object, check to make sure this command returns at least one valid object.
WARNING: [Vivado 12-584] No ports matched 'hdmi_tx_n[2]'. [C:/Users/Orion/Documents/ece385-master/lab6/lab6_1_provided/pin_assignment/mb_intro_top.xdc:98]
CRITICAL WARNING: [Common 17-55] 'set_property' expects at least one object. [C:/Users/Orion/Documents/ece385-master/lab6/lab6_1_provided/pin_assignment/mb_intro_top.xdc:98]
Resolution: If [get_<value>] was used to populate the object, check to make sure this command returns at least one valid object.
WARNING: [Vivado 12-584] No ports matched 'hdmi_tx_p[0]'. [C:/Users/Orion/Documents/ece385-master/lab6/lab6_1_provided/pin_assignment/mb_intro_top.xdc:100]
CRITICAL WARNING: [Common 17-55] 'set_property' expects at least one object. [C:/Users/Orion/Documents/ece385-master/lab6/lab6_1_provided/pin_assignment/mb_intro_top.xdc:100]
Resolution: If [get_<value>] was used to populate the object, check to make sure this command returns at least one valid object.
WARNING: [Vivado 12-584] No ports matched 'hdmi_tx_p[1]'. [C:/Users/Orion/Documents/ece385-master/lab6/lab6_1_provided/pin_assignment/mb_intro_top.xdc:101]
CRITICAL WARNING: [Common 17-55] 'set_property' expects at least one object. [C:/Users/Orion/Documents/ece385-master/lab6/lab6_1_provided/pin_assignment/mb_intro_top.xdc:101]
Resolution: If [get_<value>] was used to populate the object, check to make sure this command returns at least one valid object.
WARNING: [Vivado 12-584] No ports matched 'hdmi_tx_p[2]'. [C:/Users/Orion/Documents/ece385-master/lab6/lab6_1_provided/pin_assignment/mb_intro_top.xdc:102]
CRITICAL WARNING: [Common 17-55] 'set_property' expects at least one object. [C:/Users/Orion/Documents/ece385-master/lab6/lab6_1_provided/pin_assignment/mb_intro_top.xdc:102]
Resolution: If [get_<value>] was used to populate the object, check to make sure this command returns at least one valid object.
WARNING: [Vivado 12-584] No ports matched 'spkl'. [C:/Users/Orion/Documents/ece385-master/lab6/lab6_1_provided/pin_assignment/mb_intro_top.xdc:105]
CRITICAL WARNING: [Common 17-55] 'set_property' expects at least one object. [C:/Users/Orion/Documents/ece385-master/lab6/lab6_1_provided/pin_assignment/mb_intro_top.xdc:105]
Resolution: If [get_<value>] was used to populate the object, check to make sure this command returns at least one valid object.
WARNING: [Vivado 12-584] No ports matched 'spkr'. [C:/Users/Orion/Documents/ece385-master/lab6/lab6_1_provided/pin_assignment/mb_intro_top.xdc:106]
CRITICAL WARNING: [Common 17-55] 'set_property' expects at least one object. [C:/Users/Orion/Documents/ece385-master/lab6/lab6_1_provided/pin_assignment/mb_intro_top.xdc:106]
Resolution: If [get_<value>] was used to populate the object, check to make sure this command returns at least one valid object.
WARNING: [Vivado 12-584] No ports matched 'ble_uart_tx'. [C:/Users/Orion/Documents/ece385-master/lab6/lab6_1_provided/pin_assignment/mb_intro_top.xdc:109]
CRITICAL WARNING: [Common 17-55] 'set_property' expects at least one object. [C:/Users/Orion/Documents/ece385-master/lab6/lab6_1_provided/pin_assignment/mb_intro_top.xdc:109]
Resolution: If [get_<value>] was used to populate the object, check to make sure this command returns at least one valid object.
WARNING: [Vivado 12-584] No ports matched 'ble_uart_rx'. [C:/Users/Orion/Documents/ece385-master/lab6/lab6_1_provided/pin_assignment/mb_intro_top.xdc:110]
CRITICAL WARNING: [Common 17-55] 'set_property' expects at least one object. [C:/Users/Orion/Documents/ece385-master/lab6/lab6_1_provided/pin_assignment/mb_intro_top.xdc:110]
Resolution: If [get_<value>] was used to populate the object, check to make sure this command returns at least one valid object.
WARNING: [Vivado 12-584] No ports matched 'ble_uart_rts'. [C:/Users/Orion/Documents/ece385-master/lab6/lab6_1_provided/pin_assignment/mb_intro_top.xdc:111]
CRITICAL WARNING: [Common 17-55] 'set_property' expects at least one object. [C:/Users/Orion/Documents/ece385-master/lab6/lab6_1_provided/pin_assignment/mb_intro_top.xdc:111]
Resolution: If [get_<value>] was used to populate the object, check to make sure this command returns at least one valid object.
WARNING: [Vivado 12-584] No ports matched 'ble_uart_cts'. [C:/Users/Orion/Documents/ece385-master/lab6/lab6_1_provided/pin_assignment/mb_intro_top.xdc:112]
CRITICAL WARNING: [Common 17-55] 'set_property' expects at least one object. [C:/Users/Orion/Documents/ece385-master/lab6/lab6_1_provided/pin_assignment/mb_intro_top.xdc:112]
Resolution: If [get_<value>] was used to populate the object, check to make sure this command returns at least one valid object.
WARNING: [Vivado 12-584] No ports matched 'servo0'. [C:/Users/Orion/Documents/ece385-master/lab6/lab6_1_provided/pin_assignment/mb_intro_top.xdc:115]
CRITICAL WARNING: [Common 17-55] 'set_property' expects at least one object. [C:/Users/Orion/Documents/ece385-master/lab6/lab6_1_provided/pin_assignment/mb_intro_top.xdc:115]
Resolution: If [get_<value>] was used to populate the object, check to make sure this command returns at least one valid object.
WARNING: [Vivado 12-584] No ports matched 'servo1'. [C:/Users/Orion/Documents/ece385-master/lab6/lab6_1_provided/pin_assignment/mb_intro_top.xdc:116]
CRITICAL WARNING: [Common 17-55] 'set_property' expects at least one object. [C:/Users/Orion/Documents/ece385-master/lab6/lab6_1_provided/pin_assignment/mb_intro_top.xdc:116]
Resolution: If [get_<value>] was used to populate the object, check to make sure this command returns at least one valid object.
WARNING: [Vivado 12-584] No ports matched 'servo2'. [C:/Users/Orion/Documents/ece385-master/lab6/lab6_1_provided/pin_assignment/mb_intro_top.xdc:117]
CRITICAL WARNING: [Common 17-55] 'set_property' expects at least one object. [C:/Users/Orion/Documents/ece385-master/lab6/lab6_1_provided/pin_assignment/mb_intro_top.xdc:117]
Resolution: If [get_<value>] was used to populate the object, check to make sure this command returns at least one valid object.
WARNING: [Vivado 12-584] No ports matched 'servo3'. [C:/Users/Orion/Documents/ece385-master/lab6/lab6_1_provided/pin_assignment/mb_intro_top.xdc:118]
CRITICAL WARNING: [Common 17-55] 'set_property' expects at least one object. [C:/Users/Orion/Documents/ece385-master/lab6/lab6_1_provided/pin_assignment/mb_intro_top.xdc:118]
Resolution: If [get_<value>] was used to populate the object, check to make sure this command returns at least one valid object.
Finished Parsing XDC File [C:/Users/Orion/Documents/ece385-master/lab6/lab6_1_provided/pin_assignment/mb_intro_top.xdc]
Parsing XDC File [c:/Users/Orion/Documents/ece385-master/lab6/lab6.gen/sources_1/bd/mb_block/ip/mb_block_microblaze_0_axi_intc_0/mb_block_microblaze_0_axi_intc_0_clocks.xdc] for cell 'mb_block_i/microblaze_0_axi_intc/U0'
Finished Parsing XDC File [c:/Users/Orion/Documents/ece385-master/lab6/lab6.gen/sources_1/bd/mb_block/ip/mb_block_microblaze_0_axi_intc_0/mb_block_microblaze_0_axi_intc_0_clocks.xdc] for cell 'mb_block_i/microblaze_0_axi_intc/U0'
Parsing XDC File [c:/Users/Orion/Documents/ece385-master/lab6/lab6.gen/sources_1/bd/mb_block/ip/mb_block_mdm_1_0/mb_block_mdm_1_0.xdc] for cell 'mb_block_i/mdm_1/U0'
Finished Parsing XDC File [c:/Users/Orion/Documents/ece385-master/lab6/lab6.gen/sources_1/bd/mb_block/ip/mb_block_mdm_1_0/mb_block_mdm_1_0.xdc] for cell 'mb_block_i/mdm_1/U0'
INFO: [Opt 31-138] Pushed 0 inverter(s) to 0 load pin(s).
Generating merged BMM file for the design top 'mb_intro_top'...
INFO: [Memdata 28-144] Successfully populated the BRAM INIT strings from the following elf files: c:/Users/Orion/Documents/ece385-master/lab6/lab6.gen/sources_1/bd/mb_block/ip/mb_block_microblaze_0_0/data/mb_bootloop_le.elf 
Netlist sorting complete. Time (s): cpu = 00:00:00 ; elapsed = 00:00:00.014 . Memory (MB): peak = 1444.500 ; gain = 0.000
INFO: [Project 1-111] Unisim Transformation Summary:
  A total of 241 instances were transformed.
  LUT6_2 => LUT6_2 (LUT5, LUT6): 145 instances
  RAM16X1D => RAM32X1D (RAMD32(x2)): 32 instances
  RAM32X1D => RAM32X1D (RAMD32(x2)): 64 instances

29 Infos, 26 Warnings, 24 Critical Warnings and 0 Errors encountered.
link_design completed successfully
link_design: Time (s): cpu = 00:00:08 ; elapsed = 00:00:29 . Memory (MB): peak = 1444.500 ; gain = 1003.809
Command: opt_design
Attempting to get a license for feature 'Implementation' and/or device 'xc7s50'
INFO: [Common 17-349] Got license for feature 'Implementation' and/or device 'xc7s50'
Running DRC as a precondition to command opt_design

Starting DRC Task
INFO: [DRC 23-27] Running DRC with 2 threads
INFO: [Project 1-461] DRC finished with 0 Errors
INFO: [Project 1-462] Please refer to the DRC report (report_drc) for more information.

Time (s): cpu = 00:00:01 ; elapsed = 00:00:02 . Memory (MB): peak = 1444.500 ; gain = 0.000

Starting Cache Timing Information Task
INFO: [Timing 38-35] Done setting XDC timing constraints.
Ending Cache Timing Information Task | Checksum: dd52f48c

Time (s): cpu = 00:00:01 ; elapsed = 00:00:00.381 . Memory (MB): peak = 1463.461 ; gain = 18.961

Starting Logic Optimization Task

Phase 1 Retarget
INFO: [Opt 31-1287] Pulled Inverter mb_block_i/mdm_1/U0/MDM_Core_I1/JTAG_CONTROL_I/Use_BSCAN.FDC_I/Use_Serial_Unified_Completion.Completion_Status_Register.sample_1[15]_i_1 into driver instance mb_block_i/mdm_1/U0/MDM_Core_I1/JTAG_CONTROL_I/Use_BSCAN.FDC_I/Use_Serial_Unified_Completion.Completion_Status_Register.sample_1[15]_i_2, which resulted in an inversion of 14 pins
INFO: [Opt 31-138] Pushed 2 inverter(s) to 2 load pin(s).
INFO: [Opt 31-49] Retargeted 0 cell(s).
Phase 1 Retarget | Checksum: 107ff16fc

Time (s): cpu = 00:00:00 ; elapsed = 00:00:00.595 . Memory (MB): peak = 1797.957 ; gain = 0.000
INFO: [Opt 31-389] Phase Retarget created 189 cells and removed 284 cells
INFO: [Opt 31-1021] In phase Retarget, 3 netlist objects are constrained preventing optimization. Please run opt_design with -debug_log to get more detail. 

Phase 2 Constant propagation
INFO: [Opt 31-138] Pushed 0 inverter(s) to 0 load pin(s).
Phase 2 Constant propagation | Checksum: 1acc2853a

Time (s): cpu = 00:00:00 ; elapsed = 00:00:00.651 . Memory (MB): peak = 1797.957 ; gain = 0.000
INFO: [Opt 31-389] Phase Constant propagation created 5 cells and removed 26 cells
INFO: [Opt 31-1021] In phase Constant propagation, 1 netlist objects are constrained preventing optimization. Please run opt_design with -debug_log to get more detail. 

Phase 3 Sweep
Phase 3 Sweep | Checksum: 16f77f8e4

Time (s): cpu = 00:00:00 ; elapsed = 00:00:00.958 . Memory (MB): peak = 1797.957 ; gain = 0.000
INFO: [Opt 31-389] Phase Sweep created 16 cells and removed 68 cells
INFO: [Opt 31-1021] In phase Sweep, 2 netlist objects are constrained preventing optimization. Please run opt_design with -debug_log to get more detail. 

Phase 4 BUFG optimization
INFO: [Opt 31-194] Inserted BUFG clk_IBUF_BUFG_inst to drive 360 load(s) on clock net clk_IBUF_BUFG
INFO: [Opt 31-194] Inserted BUFG mb_block_i/mdm_1/U0/Use_E2.BSCAN_I/Dbg_Update_0_BUFG_inst to drive 40 load(s) on clock net mb_block_i/mdm_1/U0/Use_E2.BSCAN_I/Dbg_Update_0_BUFG
INFO: [Opt 31-193] Inserted 2 BUFG(s) on clock nets
Phase 4 BUFG optimization | Checksum: 139f03dd7

Time (s): cpu = 00:00:00 ; elapsed = 00:00:01 . Memory (MB): peak = 1797.957 ; gain = 0.000
INFO: [Opt 31-662] Phase BUFG optimization created 2 cells of which 2 are BUFGs and removed 0 cells.

Phase 5 Shift Register Optimization
INFO: [Opt 31-1064] SRL Remap converted 0 SRLs to 0 registers and converted 0 registers of register chains to 0 SRLs
Phase 5 Shift Register Optimization | Checksum: 139f03dd7

Time (s): cpu = 00:00:00 ; elapsed = 00:00:01 . Memory (MB): peak = 1797.957 ; gain = 0.000
INFO: [Opt 31-389] Phase Shift Register Optimization created 0 cells and removed 0 cells

Phase 6 Post Processing Netlist
Phase 6 Post Processing Netlist | Checksum: 1185bc917

Time (s): cpu = 00:00:00 ; elapsed = 00:00:01 . Memory (MB): peak = 1797.957 ; gain = 0.000
INFO: [Opt 31-389] Phase Post Processing Netlist created 0 cells and removed 0 cells
INFO: [Opt 31-1021] In phase Post Processing Netlist, 1 netlist objects are constrained preventing optimization. Please run opt_design with -debug_log to get more detail. 
Opt_design Change Summary
=========================


-------------------------------------------------------------------------------------------------------------------------
|  Phase                        |  #Cells created  |  #Cells Removed  |  #Constrained objects preventing optimizations  |
-------------------------------------------------------------------------------------------------------------------------
|  Retarget                     |             189  |             284  |                                              3  |
|  Constant propagation         |               5  |              26  |                                              1  |
|  Sweep                        |              16  |              68  |                                              2  |
|  BUFG optimization            |               2  |               0  |                                              0  |
|  Shift Register Optimization  |               0  |               0  |                                              0  |
|  Post Processing Netlist      |               0  |               0  |                                              1  |
-------------------------------------------------------------------------------------------------------------------------



Starting Connectivity Check Task

Time (s): cpu = 00:00:00 ; elapsed = 00:00:00.017 . Memory (MB): peak = 1797.957 ; gain = 0.000
Ending Logic Optimization Task | Checksum: 18db873fc

Time (s): cpu = 00:00:01 ; elapsed = 00:00:01 . Memory (MB): peak = 1797.957 ; gain = 0.000

Starting Power Optimization Task
INFO: [Pwropt 34-132] Skipping clock gating for clocks with a period < 2.00 ns.
INFO: [Timing 38-35] Done setting XDC timing constraints.
INFO: [Pwropt 34-9] Applying IDT optimizations ...
INFO: [Pwropt 34-10] Applying ODC optimizations ...
Running Vector-less Activity Propagation...

Finished Running Vector-less Activity Propagation


Starting PowerOpt Patch Enables Task
INFO: [Pwropt 34-162] WRITE_MODE attribute of 0 BRAM(s) out of a total of 8 has been updated to save power. Run report_power_opt to get a complete listing of the BRAMs updated.
INFO: [Pwropt 34-201] Structural ODC has moved 0 WE to EN ports
Number of BRAM Ports augmented: 0 newly gated: 0 Total Ports: 16
Ending PowerOpt Patch Enables Task | Checksum: 18db873fc

Time (s): cpu = 00:00:00 ; elapsed = 00:00:00.089 . Memory (MB): peak = 1903.309 ; gain = 0.000
Ending Power Optimization Task | Checksum: 18db873fc

Time (s): cpu = 00:00:02 ; elapsed = 00:00:02 . Memory (MB): peak = 1903.309 ; gain = 105.352

Starting Final Cleanup Task
Ending Final Cleanup Task | Checksum: 18db873fc

Time (s): cpu = 00:00:00 ; elapsed = 00:00:00.003 . Memory (MB): peak = 1903.309 ; gain = 0.000

Starting Netlist Obfuscation Task
Netlist sorting complete. Time (s): cpu = 00:00:00 ; elapsed = 00:00:00.014 . Memory (MB): peak = 1903.309 ; gain = 0.000
Ending Netlist Obfuscation Task | Checksum: 18db873fc

Time (s): cpu = 00:00:00 ; elapsed = 00:00:00.016 . Memory (MB): peak = 1903.309 ; gain = 0.000
INFO: [Common 17-83] Releasing license: Implementation
59 Infos, 26 Warnings, 24 Critical Warnings and 0 Errors encountered.
opt_design completed successfully
opt_design: Time (s): cpu = 00:00:07 ; elapsed = 00:00:10 . Memory (MB): peak = 1903.309 ; gain = 458.809
INFO: [Timing 38-35] Done setting XDC timing constraints.
INFO: [Timing 38-480] Writing timing data to binary archive.
Writing XDEF routing.
Writing XDEF routing logical nets.
Writing XDEF routing special nets.
Write XDEF Complete: Time (s): cpu = 00:00:00 ; elapsed = 00:00:00.066 . Memory (MB): peak = 1903.309 ; gain = 0.000
INFO: [Common 17-1381] The checkpoint 'C:/Users/Orion/Documents/ece385-master/lab6/lab6.runs/impl_1/mb_intro_top_opt.dcp' has been generated.
INFO: [runtcl-4] Executing : report_drc -file mb_intro_top_drc_opted.rpt -pb mb_intro_top_drc_opted.pb -rpx mb_intro_top_drc_opted.rpx
Command: report_drc -file mb_intro_top_drc_opted.rpt -pb mb_intro_top_drc_opted.pb -rpx mb_intro_top_drc_opted.rpx
INFO: [IP_Flow 19-1839] IP Catalog is up to date.
INFO: [DRC 23-27] Running DRC with 2 threads
INFO: [Vivado_Tcl 2-168] The results of DRC are in file C:/Users/Orion/Documents/ece385-master/lab6/lab6.runs/impl_1/mb_intro_top_drc_opted.rpt.
report_drc completed successfully
Command: place_design
Attempting to get a license for feature 'Implementation' and/or device 'xc7s50'
INFO: [Common 17-349] Got license for feature 'Implementation' and/or device 'xc7s50'
INFO: [DRC 23-27] Running DRC with 2 threads
INFO: [Vivado_Tcl 4-198] DRC finished with 0 Errors
INFO: [Vivado_Tcl 4-199] Please refer to the DRC report (report_drc) for more information.
Running DRC as a precondition to command place_design
INFO: [DRC 23-27] Running DRC with 2 threads
INFO: [Vivado_Tcl 4-198] DRC finished with 0 Errors
INFO: [Vivado_Tcl 4-199] Please refer to the DRC report (report_drc) for more information.

Starting Placer Task
INFO: [Place 30-611] Multithreading enabled for place_design using a maximum of 2 CPUs

Phase 1 Placer Initialization

Phase 1.1 Placer Initialization Netlist Sorting
Netlist sorting complete. Time (s): cpu = 00:00:00 ; elapsed = 00:00:00.013 . Memory (MB): peak = 1903.309 ; gain = 0.000
Phase 1.1 Placer Initialization Netlist Sorting | Checksum: dfce229a

Time (s): cpu = 00:00:00 ; elapsed = 00:00:00.022 . Memory (MB): peak = 1903.309 ; gain = 0.000
Netlist sorting complete. Time (s): cpu = 00:00:00 ; elapsed = 00:00:00.013 . Memory (MB): peak = 1903.309 ; gain = 0.000

Phase 1.2 IO Placement/ Clock Placement/ Build Placer Device
Phase 1.2 IO Placement/ Clock Placement/ Build Placer Device | Checksum: 12c9e5fb6

Time (s): cpu = 00:00:01 ; elapsed = 00:00:00.791 . Memory (MB): peak = 1903.309 ; gain = 0.000

Phase 1.3 Build Placer Netlist Model
Phase 1.3 Build Placer Netlist Model | Checksum: 1734bbef3

Time (s): cpu = 00:00:02 ; elapsed = 00:00:02 . Memory (MB): peak = 1903.309 ; gain = 0.000

Phase 1.4 Constrain Clocks/Macros
Phase 1.4 Constrain Clocks/Macros | Checksum: 1734bbef3

Time (s): cpu = 00:00:02 ; elapsed = 00:00:02 . Memory (MB): peak = 1903.309 ; gain = 0.000
Phase 1 Placer Initialization | Checksum: 1734bbef3

Time (s): cpu = 00:00:02 ; elapsed = 00:00:02 . Memory (MB): peak = 1903.309 ; gain = 0.000

Phase 2 Global Placement

Phase 2.1 Floorplanning
Phase 2.1 Floorplanning | Checksum: 1ace94d33

Time (s): cpu = 00:00:02 ; elapsed = 00:00:02 . Memory (MB): peak = 1903.309 ; gain = 0.000

Phase 2.2 Update Timing before SLR Path Opt
Phase 2.2 Update Timing before SLR Path Opt | Checksum: 1c77e63ab

Time (s): cpu = 00:00:02 ; elapsed = 00:00:03 . Memory (MB): peak = 1903.309 ; gain = 0.000

Phase 2.3 Post-Processing in Floorplanning
Phase 2.3 Post-Processing in Floorplanning | Checksum: 1c77e63ab

Time (s): cpu = 00:00:02 ; elapsed = 00:00:03 . Memory (MB): peak = 1903.309 ; gain = 0.000

Phase 2.4 Global Placement Core

Phase 2.4.1 UpdateTiming Before Physical Synthesis
Phase 2.4.1 UpdateTiming Before Physical Synthesis | Checksum: 26d9e1575

Time (s): cpu = 00:00:06 ; elapsed = 00:00:07 . Memory (MB): peak = 1903.309 ; gain = 0.000

Phase 2.4.2 Physical Synthesis In Placer
INFO: [Physopt 32-1035] Found 0 LUTNM shape to break, 113 LUT instances to create LUTNM shape
INFO: [Physopt 32-1044] Break lutnm for timing: one critical 0, two critical 0, total 0, new lutff created 0
INFO: [Physopt 32-1138] End 1 Pass. Optimized 49 nets or LUTs. Breaked 0 LUT, combined 49 existing LUTs and moved 0 existing LUT
INFO: [Physopt 32-65] No nets found for high-fanout optimization.
INFO: [Physopt 32-232] Optimized 0 net. Created 0 new instance.
INFO: [Physopt 32-775] End 1 Pass. Optimized 0 net or cell. Created 0 new cell, deleted 0 existing cell and moved 0 existing cell
INFO: [Physopt 32-670] No setup violation found.  DSP Register Optimization was not performed.
INFO: [Physopt 32-670] No setup violation found.  Shift Register to Pipeline Optimization was not performed.
INFO: [Physopt 32-670] No setup violation found.  Shift Register Optimization was not performed.
INFO: [Physopt 32-670] No setup violation found.  BRAM Register Optimization was not performed.
INFO: [Physopt 32-670] No setup violation found.  URAM Register Optimization was not performed.
INFO: [Physopt 32-949] No candidate nets found for dynamic/static region interface net replication
INFO: [Physopt 32-775] End 1 Pass. Optimized 0 net or cell. Created 0 new cell, deleted 0 existing cell and moved 0 existing cell
Netlist sorting complete. Time (s): cpu = 00:00:00 ; elapsed = 00:00:00.013 . Memory (MB): peak = 1903.309 ; gain = 0.000

Summary of Physical Synthesis Optimizations
============================================


-----------------------------------------------------------------------------------------------------------------------------------------------------------
|  Optimization                                     |  Added Cells  |  Removed Cells  |  Optimized Cells/Nets  |  Dont Touch  |  Iterations  |  Elapsed   |
-----------------------------------------------------------------------------------------------------------------------------------------------------------
|  LUT Combining                                    |            0  |             49  |                    49  |           0  |           1  |  00:00:00  |
|  Retime                                           |            0  |              0  |                     0  |           0  |           1  |  00:00:00  |
|  Very High Fanout                                 |            0  |              0  |                     0  |           0  |           1  |  00:00:00  |
|  DSP Register                                     |            0  |              0  |                     0  |           0  |           0  |  00:00:00  |
|  Shift Register to Pipeline                       |            0  |              0  |                     0  |           0  |           0  |  00:00:00  |
|  Shift Register                                   |            0  |              0  |                     0  |           0  |           0  |  00:00:00  |
|  BRAM Register                                    |            0  |              0  |                     0  |           0  |           0  |  00:00:00  |
|  URAM Register                                    |            0  |              0  |                     0  |           0  |           0  |  00:00:00  |
|  Dynamic/Static Region Interface Net Replication  |            0  |              0  |                     0  |           0  |           1  |  00:00:00  |
|  Total                                            |            0  |             49  |                    49  |           0  |           4  |  00:00:00  |
-----------------------------------------------------------------------------------------------------------------------------------------------------------


Phase 2.4.2 Physical Synthesis In Placer | Checksum: 1a156a2df

Time (s): cpu = 00:00:06 ; elapsed = 00:00:08 . Memory (MB): peak = 1903.309 ; gain = 0.000
Phase 2.4 Global Placement Core | Checksum: 209e5e05e

Time (s): cpu = 00:00:06 ; elapsed = 00:00:08 . Memory (MB): peak = 1903.309 ; gain = 0.000
Phase 2 Global Placement | Checksum: 209e5e05e

Time (s): cpu = 00:00:06 ; elapsed = 00:00:08 . Memory (MB): peak = 1903.309 ; gain = 0.000

Phase 3 Detail Placement

Phase 3.1 Commit Multi Column Macros
Phase 3.1 Commit Multi Column Macros | Checksum: 179d74e65

Time (s): cpu = 00:00:06 ; elapsed = 00:00:08 . Memory (MB): peak = 1903.309 ; gain = 0.000

Phase 3.2 Commit Most Macros & LUTRAMs
Phase 3.2 Commit Most Macros & LUTRAMs | Checksum: 1393e5408

Time (s): cpu = 00:00:07 ; elapsed = 00:00:09 . Memory (MB): peak = 1903.309 ; gain = 0.000

Phase 3.3 Area Swap Optimization
Phase 3.3 Area Swap Optimization | Checksum: 1ad9eb4c1

Time (s): cpu = 00:00:07 ; elapsed = 00:00:09 . Memory (MB): peak = 1903.309 ; gain = 0.000

Phase 3.4 Pipeline Register Optimization
Phase 3.4 Pipeline Register Optimization | Checksum: 1729c7ac7

Time (s): cpu = 00:00:07 ; elapsed = 00:00:09 . Memory (MB): peak = 1903.309 ; gain = 0.000

Phase 3.5 Small Shape Detail Placement
Phase 3.5 Small Shape Detail Placement | Checksum: 224b7b936

Time (s): cpu = 00:00:08 ; elapsed = 00:00:11 . Memory (MB): peak = 1903.309 ; gain = 0.000

Phase 3.6 Re-assign LUT pins
Phase 3.6 Re-assign LUT pins | Checksum: 18c107df7

Time (s): cpu = 00:00:08 ; elapsed = 00:00:11 . Memory (MB): peak = 1903.309 ; gain = 0.000

Phase 3.7 Pipeline Register Optimization
Phase 3.7 Pipeline Register Optimization | Checksum: 12b6c4cbb

Time (s): cpu = 00:00:08 ; elapsed = 00:00:11 . Memory (MB): peak = 1903.309 ; gain = 0.000
Phase 3 Detail Placement | Checksum: 12b6c4cbb

Time (s): cpu = 00:00:08 ; elapsed = 00:00:11 . Memory (MB): peak = 1903.309 ; gain = 0.000

Phase 4 Post Placement Optimization and Clean-Up

Phase 4.1 Post Commit Optimization
INFO: [Timing 38-35] Done setting XDC timing constraints.

Phase 4.1.1 Post Placement Optimization
Post Placement Optimization Initialization | Checksum: 86f7223d

Phase 4.1.1.1 BUFG Insertion

Starting Physical Synthesis Task

Phase 1 Physical Synthesis Initialization
INFO: [Physopt 32-721] Multithreading enabled for phys_opt_design using a maximum of 2 CPUs
INFO: [Physopt 32-619] Estimated Timing Summary | WNS=0.823 | TNS=0.000 |
Phase 1 Physical Synthesis Initialization | Checksum: f08dccd0

Time (s): cpu = 00:00:00 ; elapsed = 00:00:00.237 . Memory (MB): peak = 1903.309 ; gain = 0.000
INFO: [Place 46-56] BUFG insertion identified 0 candidate nets. Inserted BUFG: 0, Replicated BUFG Driver: 0, Skipped due to Placement/Routing Conflicts: 0, Skipped due to Timing Degradation: 0, Skipped due to Illegal Netlist: 0.
Ending Physical Synthesis Task | Checksum: 124587631

Time (s): cpu = 00:00:00 ; elapsed = 00:00:00.280 . Memory (MB): peak = 1903.309 ; gain = 0.000
Phase 4.1.1.1 BUFG Insertion | Checksum: 86f7223d

Time (s): cpu = 00:00:09 ; elapsed = 00:00:13 . Memory (MB): peak = 1903.309 ; gain = 0.000

Phase 4.1.1.2 Post Placement Timing Optimization
INFO: [Place 30-746] Post Placement Timing Summary WNS=0.823. For the most accurate timing information please run report_timing.
Phase 4.1.1.2 Post Placement Timing Optimization | Checksum: 15335dc3d

Time (s): cpu = 00:00:09 ; elapsed = 00:00:13 . Memory (MB): peak = 1903.309 ; gain = 0.000

Time (s): cpu = 00:00:09 ; elapsed = 00:00:13 . Memory (MB): peak = 1903.309 ; gain = 0.000
Phase 4.1 Post Commit Optimization | Checksum: 15335dc3d

Time (s): cpu = 00:00:09 ; elapsed = 00:00:13 . Memory (MB): peak = 1903.309 ; gain = 0.000

Phase 4.2 Post Placement Cleanup
Phase 4.2 Post Placement Cleanup | Checksum: 15335dc3d

Time (s): cpu = 00:00:09 ; elapsed = 00:00:13 . Memory (MB): peak = 1903.309 ; gain = 0.000

Phase 4.3 Placer Reporting

Phase 4.3.1 Print Estimated Congestion
INFO: [Place 30-612] Post-Placement Estimated Congestion 
 ____________________________________________________
|           | Global Congestion | Short Congestion  |
| Direction | Region Size       | Region Size       |
|___________|___________________|___________________|
|      North|                1x1|                1x1|
|___________|___________________|___________________|
|      South|                1x1|                1x1|
|___________|___________________|___________________|
|       East|                1x1|                1x1|
|___________|___________________|___________________|
|       West|                1x1|                1x1|
|___________|___________________|___________________|

Phase 4.3.1 Print Estimated Congestion | Checksum: 15335dc3d

Time (s): cpu = 00:00:09 ; elapsed = 00:00:13 . Memory (MB): peak = 1903.309 ; gain = 0.000
Phase 4.3 Placer Reporting | Checksum: 15335dc3d

Time (s): cpu = 00:00:09 ; elapsed = 00:00:13 . Memory (MB): peak = 1903.309 ; gain = 0.000

Phase 4.4 Final Placement Cleanup
Netlist sorting complete. Time (s): cpu = 00:00:00 ; elapsed = 00:00:00.015 . Memory (MB): peak = 1903.309 ; gain = 0.000

Time (s): cpu = 00:00:09 ; elapsed = 00:00:13 . Memory (MB): peak = 1903.309 ; gain = 0.000
Phase 4 Post Placement Optimization and Clean-Up | Checksum: 1e97ac551

Time (s): cpu = 00:00:09 ; elapsed = 00:00:13 . Memory (MB): peak = 1903.309 ; gain = 0.000
Ending Placer Task | Checksum: 10cb30de3

Time (s): cpu = 00:00:09 ; elapsed = 00:00:13 . Memory (MB): peak = 1903.309 ; gain = 0.000
INFO: [Common 17-83] Releasing license: Implementation
94 Infos, 26 Warnings, 24 Critical Warnings and 0 Errors encountered.
place_design completed successfully
place_design: Time (s): cpu = 00:00:10 ; elapsed = 00:00:15 . Memory (MB): peak = 1903.309 ; gain = 0.000
INFO: [Timing 38-480] Writing timing data to binary archive.
Writing XDEF routing.
Writing XDEF routing logical nets.
Writing XDEF routing special nets.
Write XDEF Complete: Time (s): cpu = 00:00:02 ; elapsed = 00:00:00.758 . Memory (MB): peak = 1903.309 ; gain = 0.000
INFO: [Common 17-1381] The checkpoint 'C:/Users/Orion/Documents/ece385-master/lab6/lab6.runs/impl_1/mb_intro_top_placed.dcp' has been generated.
INFO: [runtcl-4] Executing : report_io -file mb_intro_top_io_placed.rpt
report_io: Time (s): cpu = 00:00:00 ; elapsed = 00:00:00.096 . Memory (MB): peak = 1903.309 ; gain = 0.000
INFO: [runtcl-4] Executing : report_utilization -file mb_intro_top_utilization_placed.rpt -pb mb_intro_top_utilization_placed.pb
INFO: [runtcl-4] Executing : report_control_sets -verbose -file mb_intro_top_control_sets_placed.rpt
report_control_sets: Time (s): cpu = 00:00:00 ; elapsed = 00:00:00.025 . Memory (MB): peak = 1903.309 ; gain = 0.000
Command: phys_opt_design
Attempting to get a license for feature 'Implementation' and/or device 'xc7s50'
INFO: [Common 17-349] Got license for feature 'Implementation' and/or device 'xc7s50'

Starting Initial Update Timing Task

Time (s): cpu = 00:00:00 ; elapsed = 00:00:00.845 . Memory (MB): peak = 1903.309 ; gain = 0.000
INFO: [Vivado_Tcl 4-383] Design worst setup slack (WNS) is greater than or equal to 0.000 ns. Skipping all physical synthesis optimizations.
INFO: [Vivado_Tcl 4-232] No setup violation found. The netlist was not modified.
INFO: [Common 17-83] Releasing license: Implementation
103 Infos, 26 Warnings, 24 Critical Warnings and 0 Errors encountered.
phys_opt_design completed successfully
INFO: [Timing 38-480] Writing timing data to binary archive.
Writing XDEF routing.
Writing XDEF routing logical nets.
Writing XDEF routing special nets.
Write XDEF Complete: Time (s): cpu = 00:00:02 ; elapsed = 00:00:00.758 . Memory (MB): peak = 1903.309 ; gain = 0.000
INFO: [Common 17-1381] The checkpoint 'C:/Users/Orion/Documents/ece385-master/lab6/lab6.runs/impl_1/mb_intro_top_physopt.dcp' has been generated.
Command: route_design
Attempting to get a license for feature 'Implementation' and/or device 'xc7s50'
INFO: [Common 17-349] Got license for feature 'Implementation' and/or device 'xc7s50'
Running DRC as a precondition to command route_design
INFO: [DRC 23-27] Running DRC with 2 threads
INFO: [Vivado_Tcl 4-198] DRC finished with 0 Errors
INFO: [Vivado_Tcl 4-199] Please refer to the DRC report (report_drc) for more information.


Starting Routing Task
INFO: [Route 35-254] Multithreading enabled for route_design using a maximum of 2 CPUs

Phase 1 Build RT Design
Checksum: PlaceDB: 4453a6cf ConstDB: 0 ShapeSum: c85f6714 RouteDB: 0
Post Restoration Checksum: NetGraph: 97caf7f3 NumContArr: ca8d4a78 Constraints: 0 Timing: 0
Phase 1 Build RT Design | Checksum: 16258426b

Time (s): cpu = 00:00:17 ; elapsed = 00:00:27 . Memory (MB): peak = 1905.473 ; gain = 2.164

Phase 2 Router Initialization

Phase 2.1 Fix Topology Constraints
Phase 2.1 Fix Topology Constraints | Checksum: 16258426b

Time (s): cpu = 00:00:17 ; elapsed = 00:00:27 . Memory (MB): peak = 1911.523 ; gain = 8.215

Phase 2.2 Pre Route Cleanup
Phase 2.2 Pre Route Cleanup | Checksum: 16258426b

Time (s): cpu = 00:00:17 ; elapsed = 00:00:27 . Memory (MB): peak = 1911.523 ; gain = 8.215
 Number of Nodes with overlaps = 0

Phase 2.3 Update Timing
Phase 2.3 Update Timing | Checksum: 252f68db0

Time (s): cpu = 00:00:18 ; elapsed = 00:00:29 . Memory (MB): peak = 1919.586 ; gain = 16.277
INFO: [Route 35-416] Intermediate Timing Summary | WNS=0.906  | TNS=0.000  | WHS=-0.166 | THS=-39.185|


Router Utilization Summary
  Global Vertical Routing Utilization    = 0.00669696 %
  Global Horizontal Routing Utilization  = 0.00130141 %
  Routable Net Status*
  *Does not include unroutable nets such as driverless and loadless.
  Run report_route_status for detailed report.
  Number of Failed Nets               = 3943
    (Failed Nets is the sum of unrouted and partially routed nets)
  Number of Unrouted Nets             = 3943
  Number of Partially Routed Nets     = 0
  Number of Node Overlaps             = 1

Phase 2 Router Initialization | Checksum: 248f57c3e

Time (s): cpu = 00:00:19 ; elapsed = 00:00:30 . Memory (MB): peak = 1941.613 ; gain = 38.305

Phase 3 Initial Routing

Phase 3.1 Global Routing
Phase 3.1 Global Routing | Checksum: 248f57c3e

Time (s): cpu = 00:00:19 ; elapsed = 00:00:30 . Memory (MB): peak = 1941.613 ; gain = 38.305
Phase 3 Initial Routing | Checksum: 1945e3b88

Time (s): cpu = 00:00:20 ; elapsed = 00:00:31 . Memory (MB): peak = 1944.109 ; gain = 40.801

Phase 4 Rip-up And Reroute

Phase 4.1 Global Iteration 0
 Number of Nodes with overlaps = 387
 Number of Nodes with overlaps = 56
 Number of Nodes with overlaps = 25
 Number of Nodes with overlaps = 12
 Number of Nodes with overlaps = 1
 Number of Nodes with overlaps = 1
 Number of Nodes with overlaps = 1
 Number of Nodes with overlaps = 1
 Number of Nodes with overlaps = 0
INFO: [Route 35-416] Intermediate Timing Summary | WNS=1.832  | TNS=0.000  | WHS=N/A    | THS=N/A    |

Phase 4.1 Global Iteration 0 | Checksum: 1eae5146f

Time (s): cpu = 00:00:22 ; elapsed = 00:00:36 . Memory (MB): peak = 1944.109 ; gain = 40.801

Phase 4.2 Global Iteration 1
 Number of Nodes with overlaps = 3
 Number of Nodes with overlaps = 0
INFO: [Route 35-416] Intermediate Timing Summary | WNS=1.832  | TNS=0.000  | WHS=N/A    | THS=N/A    |

Phase 4.2 Global Iteration 1 | Checksum: e614afd6

Time (s): cpu = 00:00:22 ; elapsed = 00:00:36 . Memory (MB): peak = 1944.109 ; gain = 40.801
Phase 4 Rip-up And Reroute | Checksum: e614afd6

Time (s): cpu = 00:00:22 ; elapsed = 00:00:36 . Memory (MB): peak = 1944.109 ; gain = 40.801

Phase 5 Delay and Skew Optimization

Phase 5.1 Delay CleanUp
Phase 5.1 Delay CleanUp | Checksum: e614afd6

Time (s): cpu = 00:00:22 ; elapsed = 00:00:36 . Memory (MB): peak = 1944.109 ; gain = 40.801

Phase 5.2 Clock Skew Optimization
Phase 5.2 Clock Skew Optimization | Checksum: e614afd6

Time (s): cpu = 00:00:22 ; elapsed = 00:00:36 . Memory (MB): peak = 1944.109 ; gain = 40.801
Phase 5 Delay and Skew Optimization | Checksum: e614afd6

Time (s): cpu = 00:00:22 ; elapsed = 00:00:36 . Memory (MB): peak = 1944.109 ; gain = 40.801

Phase 6 Post Hold Fix

Phase 6.1 Hold Fix Iter

Phase 6.1.1 Update Timing
Phase 6.1.1 Update Timing | Checksum: 665634ac

Time (s): cpu = 00:00:23 ; elapsed = 00:00:36 . Memory (MB): peak = 1944.109 ; gain = 40.801
INFO: [Route 35-416] Intermediate Timing Summary | WNS=1.924  | TNS=0.000  | WHS=0.099  | THS=0.000  |

Phase 6.1 Hold Fix Iter | Checksum: 10ea5396d

Time (s): cpu = 00:00:23 ; elapsed = 00:00:36 . Memory (MB): peak = 1944.109 ; gain = 40.801
Phase 6 Post Hold Fix | Checksum: 10ea5396d

Time (s): cpu = 00:00:23 ; elapsed = 00:00:36 . Memory (MB): peak = 1944.109 ; gain = 40.801

Phase 7 Route finalize

Router Utilization Summary
  Global Vertical Routing Utilization    = 1.3999 %
  Global Horizontal Routing Utilization  = 1.617 %
  Routable Net Status*
  *Does not include unroutable nets such as driverless and loadless.
  Run report_route_status for detailed report.
  Number of Failed Nets               = 0
    (Failed Nets is the sum of unrouted and partially routed nets)
  Number of Unrouted Nets             = 0
  Number of Partially Routed Nets     = 0
  Number of Node Overlaps             = 0

Phase 7 Route finalize | Checksum: aae4c093

Time (s): cpu = 00:00:23 ; elapsed = 00:00:36 . Memory (MB): peak = 1944.109 ; gain = 40.801

Phase 8 Verifying routed nets

 Verification completed successfully
Phase 8 Verifying routed nets | Checksum: aae4c093

Time (s): cpu = 00:00:23 ; elapsed = 00:00:36 . Memory (MB): peak = 1944.109 ; gain = 40.801

Phase 9 Depositing Routes
Phase 9 Depositing Routes | Checksum: 19d9fbe07

Time (s): cpu = 00:00:23 ; elapsed = 00:00:37 . Memory (MB): peak = 1944.109 ; gain = 40.801

Phase 10 Post Router Timing
INFO: [Route 35-57] Estimated Timing Summary | WNS=1.924  | TNS=0.000  | WHS=0.099  | THS=0.000  |

INFO: [Route 35-327] The final timing numbers are based on the router estimated timing analysis. For a complete and accurate timing signoff, please run report_timing_summary.
Phase 10 Post Router Timing | Checksum: 19d9fbe07

Time (s): cpu = 00:00:23 ; elapsed = 00:00:37 . Memory (MB): peak = 1944.109 ; gain = 40.801
INFO: [Route 35-16] Router Completed Successfully

Time (s): cpu = 00:00:23 ; elapsed = 00:00:37 . Memory (MB): peak = 1944.109 ; gain = 40.801

Routing Is Done.
INFO: [Common 17-83] Releasing license: Implementation
118 Infos, 26 Warnings, 24 Critical Warnings and 0 Errors encountered.
route_design completed successfully
route_design: Time (s): cpu = 00:00:25 ; elapsed = 00:00:39 . Memory (MB): peak = 1944.109 ; gain = 40.801
INFO: [Timing 38-480] Writing timing data to binary archive.
Writing XDEF routing.
Writing XDEF routing logical nets.
Writing XDEF routing special nets.
Write XDEF Complete: Time (s): cpu = 00:00:02 ; elapsed = 00:00:00.792 . Memory (MB): peak = 1963.375 ; gain = 19.266
INFO: [Common 17-1381] The checkpoint 'C:/Users/Orion/Documents/ece385-master/lab6/lab6.runs/impl_1/mb_intro_top_routed.dcp' has been generated.
INFO: [runtcl-4] Executing : report_drc -file mb_intro_top_drc_routed.rpt -pb mb_intro_top_drc_routed.pb -rpx mb_intro_top_drc_routed.rpx
Command: report_drc -file mb_intro_top_drc_routed.rpt -pb mb_intro_top_drc_routed.pb -rpx mb_intro_top_drc_routed.rpx
INFO: [IP_Flow 19-1839] IP Catalog is up to date.
INFO: [DRC 23-27] Running DRC with 2 threads
INFO: [Vivado_Tcl 2-168] The results of DRC are in file C:/Users/Orion/Documents/ece385-master/lab6/lab6.runs/impl_1/mb_intro_top_drc_routed.rpt.
report_drc completed successfully
INFO: [runtcl-4] Executing : report_methodology -file mb_intro_top_methodology_drc_routed.rpt -pb mb_intro_top_methodology_drc_routed.pb -rpx mb_intro_top_methodology_drc_routed.rpx
Command: report_methodology -file mb_intro_top_methodology_drc_routed.rpt -pb mb_intro_top_methodology_drc_routed.pb -rpx mb_intro_top_methodology_drc_routed.rpx
INFO: [Timing 38-35] Done setting XDC timing constraints.
INFO: [DRC 23-133] Running Methodology with 2 threads
INFO: [Vivado_Tcl 2-1520] The results of Report Methodology are in file C:/Users/Orion/Documents/ece385-master/lab6/lab6.runs/impl_1/mb_intro_top_methodology_drc_routed.rpt.
report_methodology completed successfully
INFO: [runtcl-4] Executing : report_power -file mb_intro_top_power_routed.rpt -pb mb_intro_top_power_summary_routed.pb -rpx mb_intro_top_power_routed.rpx
Command: report_power -file mb_intro_top_power_routed.rpt -pb mb_intro_top_power_summary_routed.pb -rpx mb_intro_top_power_routed.rpx
INFO: [Timing 38-35] Done setting XDC timing constraints.
Running Vector-less Activity Propagation...

Finished Running Vector-less Activity Propagation
WARNING: [Power 33-332] Found switching activity that implies high-fanout reset nets being asserted for excessive periods of time which may result in inaccurate power analysis.
Resolution: To review and fix problems, please run Power Constraints Advisor in the GUI from Tools > Power Constraints Advisor or run report_power with the -advisory option to generate a text report.
130 Infos, 27 Warnings, 24 Critical Warnings and 0 Errors encountered.
report_power completed successfully
INFO: [runtcl-4] Executing : report_route_status -file mb_intro_top_route_status.rpt -pb mb_intro_top_route_status.pb
INFO: [runtcl-4] Executing : report_timing_summary -max_paths 10 -report_unconstrained -file mb_intro_top_timing_summary_routed.rpt -pb mb_intro_top_timing_summary_routed.pb -rpx mb_intro_top_timing_summary_routed.rpx -warn_on_violation 
INFO: [Timing 38-91] UpdateTimingParams: Speed grade: -1, Delay Type: min_max.
INFO: [Timing 38-191] Multithreading enabled for timing update using a maximum of 2 CPUs
INFO: [runtcl-4] Executing : report_incremental_reuse -file mb_intro_top_incremental_reuse_routed.rpt
INFO: [Vivado_Tcl 4-1062] Incremental flow is disabled. No incremental reuse Info to report.
INFO: [runtcl-4] Executing : report_clock_utilization -file mb_intro_top_clock_utilization_routed.rpt
INFO: [runtcl-4] Executing : report_bus_skew -warn_on_violation -file mb_intro_top_bus_skew_routed.rpt -pb mb_intro_top_bus_skew_routed.pb -rpx mb_intro_top_bus_skew_routed.rpx
INFO: [Timing 38-91] UpdateTimingParams: Speed grade: -1, Delay Type: min_max.
INFO: [Timing 38-191] Multithreading enabled for timing update using a maximum of 2 CPUs
INFO: [Common 17-206] Exiting Vivado at Thu Oct 17 01:59:41 2024...

*** Running vivado
    with args -log mb_intro_top.vdi -applog -m64 -product Vivado -messageDb vivado.pb -mode batch -source mb_intro_top.tcl -notrace



****** Vivado v2022.2 (64-bit)
  **** SW Build 3671981 on Fri Oct 14 05:00:03 MDT 2022
  **** IP Build 3669848 on Fri Oct 14 08:30:02 MDT 2022
    ** Copyright 1986-2022 Xilinx, Inc. All Rights Reserved.

source mb_intro_top.tcl -notrace
Command: open_checkpoint mb_intro_top_routed.dcp
INFO: [Device 21-403] Loading part xc7s50csga324-1
Netlist sorting complete. Time (s): cpu = 00:00:00 ; elapsed = 00:00:00.299 . Memory (MB): peak = 788.988 ; gain = 0.000
INFO: [Netlist 29-17] Analyzing 399 Unisim elements for replacement
INFO: [Netlist 29-28] Unisim Transformation completed in 1 CPU seconds
INFO: [Project 1-479] Netlist was created with Vivado 2022.2
INFO: [Project 1-570] Preparing netlist for logic optimization
WARNING: [Constraints 18-550] Could not create 'IBUF_LOW_PWR' constraint because net 'mb_block_i/clk_wiz_1/clk_in1' is not directly connected to top level port. Synthesis is ignored for IBUF_LOW_PWR but preserved for implementation.
INFO: [Timing 38-478] Restoring timing data from binary archive.
INFO: [Timing 38-479] Binary timing data restore complete.
INFO: [Project 1-856] Restoring constraints from binary archive.
INFO: [Project 1-853] Binary constraint restore complete.
Reading XDEF placement.
Reading placer database...
Reading XDEF routing.
Read XDEF Files: Time (s): cpu = 00:00:00 ; elapsed = 00:00:00.899 . Memory (MB): peak = 1369.809 ; gain = 4.984
Restored from archive | CPU: 0.000000 secs | Memory: 0.000000 MB |
Finished XDEF File Restore: Time (s): cpu = 00:00:00 ; elapsed = 00:00:00.900 . Memory (MB): peak = 1369.809 ; gain = 4.984
Netlist sorting complete. Time (s): cpu = 00:00:00 ; elapsed = 00:00:00.015 . Memory (MB): peak = 1369.809 ; gain = 0.000
INFO: [Project 1-111] Unisim Transformation Summary:
  A total of 240 instances were transformed.
  LUT6_2 => LUT6_2 (LUT5, LUT6): 143 instances
  RAM16X1D => RAM32X1D (RAMD32(x2)): 32 instances
  RAM32X1D => RAM32X1D (RAMD32(x2)): 64 instances
  SRLC16E => SRL16E: 1 instance 

INFO: [Project 1-604] Checkpoint was created with Vivado v2022.2 (64-bit) build 3671981
OpenCheckpoint Checksum | Checksum: 21250db12
----- Checksum: PlaceDB: c632671e ShapeSum: c85f6714 RouteDB: 83bf0ce0 
open_checkpoint: Time (s): cpu = 00:00:12 ; elapsed = 00:00:28 . Memory (MB): peak = 1369.809 ; gain = 1042.305
Command: write_bitstream -force mb_intro_top.bit
Attempting to get a license for feature 'Implementation' and/or device 'xc7s50'
INFO: [Common 17-349] Got license for feature 'Implementation' and/or device 'xc7s50'
Running DRC as a precondition to command write_bitstream
INFO: [IP_Flow 19-234] Refreshing IP repositories
INFO: [IP_Flow 19-1704] No user IP repositories specified
INFO: [IP_Flow 19-2313] Loaded Vivado IP repository 'C:/Xilinx/Vivado/2022.2/data/ip'.
INFO: [DRC 23-27] Running DRC with 2 threads
INFO: [Vivado 12-3199] DRC finished with 0 Errors
INFO: [Vivado 12-3200] Please refer to the DRC report (report_drc) for more information.
INFO: [Designutils 20-2272] Running write_bitstream with 2 threads.
Loading data files...
Loading site data...
Loading route data...
Processing options...
Creating bitmap...
Creating bitstream...
Writing bitstream ./mb_intro_top.bit...
INFO: [Vivado 12-1842] Bitgen Completed Successfully.
INFO: [Common 17-83] Releasing license: Implementation
21 Infos, 1 Warnings, 0 Critical Warnings and 0 Errors encountered.
write_bitstream completed successfully
write_bitstream: Time (s): cpu = 00:00:11 ; elapsed = 00:00:19 . Memory (MB): peak = 1865.094 ; gain = 495.285
INFO: [Common 17-206] Exiting Vivado at Thu Oct 17 02:08:22 2024...
